具体时间:[2021-10-15 08:53:05,213][default:INFO(22)]
当前文件位置:[D:\WorkData\VSCodeProjects\TY_RMS_BZP_Manage_zhejingjikong\user\login_required.py]模块名:[login_required:]函数名:[process_request]:
[第22行]-用户没有登录, 跳转到登录页面

具体时间:[2021-10-15 08:53:07,038][default:INFO(22)]
当前文件位置:[D:\WorkData\VSCodeProjects\TY_RMS_BZP_Manage_zhejingjikong\user\login_required.py]模块名:[login_required:]函数名:[process_request]:
[第22行]-用户没有登录, 跳转到登录页面

具体时间:[2021-10-15 08:53:08,236][default:INFO(181)]
当前文件位置:[D:\WorkData\VSCodeProjects\TY_RMS_BZP_Manage_zhejingjikong\TY_RMS_Multiple_Manage\views.py]模块名:[views:]函数名:[account_login]:
[第181行]-登录成功

具体时间:[2021-10-15 08:58:58,643][default:INFO(22)]
当前文件位置:[D:\WorkData\VSCodeProjects\TY_RMS_BZP_Manage_zhejingjikong\user\login_required.py]模块名:[login_required:]函数名:[process_request]:
[第22行]-用户没有登录, 跳转到登录页面

具体时间:[2021-10-15 08:58:59,539][default:INFO(22)]
当前文件位置:[D:\WorkData\VSCodeProjects\TY_RMS_BZP_Manage_zhejingjikong\user\login_required.py]模块名:[login_required:]函数名:[process_request]:
[第22行]-用户没有登录, 跳转到登录页面

具体时间:[2021-10-15 08:59:01,110][default:INFO(181)]
当前文件位置:[D:\WorkData\VSCodeProjects\TY_RMS_BZP_Manage_zhejingjikong\TY_RMS_Multiple_Manage\views.py]模块名:[views:]函数名:[account_login]:
[第181行]-登录成功

具体时间:[2021-10-15 14:48:07,197][default:INFO(22)]
当前文件位置:[D:\cxw\TY_RMS_BZP_Manage_zhejingjikong\user\login_required.py]模块名:[login_required:]函数名:[process_request]:
[第22行]-用户没有登录, 跳转到登录页面

具体时间:[2021-10-15 14:48:08,577][default:INFO(22)]
当前文件位置:[D:\cxw\TY_RMS_BZP_Manage_zhejingjikong\user\login_required.py]模块名:[login_required:]函数名:[process_request]:
[第22行]-用户没有登录, 跳转到登录页面

具体时间:[2021-10-15 14:49:03,600][default:INFO(200)]
当前文件位置:[D:\cxw\TY_RMS_BZP_Manage_zhejingjikong\TY_RMS_Multiple_Manage\views.py]模块名:[views:]函数名:[account_login]:
[第200行]-账号或密码不正确, 登录失败

具体时间:[2021-10-15 14:58:49,726][default:INFO(181)]
当前文件位置:[D:\cxw\TY_RMS_BZP_Manage_zhejingjikong\TY_RMS_Multiple_Manage\views.py]模块名:[views:]函数名:[account_login]:
[第181行]-登录成功

具体时间:[2021-10-15 14:58:50,235][default:DEBUG(103)]
当前文件位置:[D:\cxw\TY_RMS_BZP_Manage_zhejingjikong\home\views.py]模块名:[views:]函数名:[getWarningList]:
[第103行]-数据为空

具体时间:[2021-10-15 14:59:04,268][default:DEBUG(103)]
当前文件位置:[D:\cxw\TY_RMS_BZP_Manage_zhejingjikong\home\views.py]模块名:[views:]函数名:[getWarningList]:
[第103行]-数据为空

具体时间:[2021-10-15 14:59:07,132][default:DEBUG(103)]
当前文件位置:[D:\cxw\TY_RMS_BZP_Manage_zhejingjikong\home\views.py]模块名:[views:]函数名:[getWarningList]:
[第103行]-数据为空

具体时间:[2021-10-15 14:59:17,596][default:DEBUG(103)]
当前文件位置:[D:\cxw\TY_RMS_BZP_Manage_zhejingjikong\home\views.py]模块名:[views:]函数名:[getWarningList]:
[第103行]-数据为空

具体时间:[2021-10-15 14:59:22,019][default:DEBUG(103)]
当前文件位置:[D:\cxw\TY_RMS_BZP_Manage_zhejingjikong\home\views.py]模块名:[views:]函数名:[getWarningList]:
[第103行]-数据为空

具体时间:[2021-10-15 14:59:26,689][default:DEBUG(103)]
当前文件位置:[D:\cxw\TY_RMS_BZP_Manage_zhejingjikong\home\views.py]模块名:[views:]函数名:[getWarningList]:
[第103行]-数据为空

具体时间:[2021-10-15 14:59:32,561][default:INFO(210)]
当前文件位置:[D:\cxw\TY_RMS_BZP_Manage_zhejingjikong\home\views.py]模块名:[views:]函数名:[homeWarningListJson]:
[第210行]-数据异常

具体时间:[2021-10-15 14:59:41,734][default:DEBUG(103)]
当前文件位置:[D:\cxw\TY_RMS_BZP_Manage_zhejingjikong\home\views.py]模块名:[views:]函数名:[getWarningList]:
[第103行]-数据为空

具体时间:[2021-10-15 15:04:18,648][default:DEBUG(103)]
当前文件位置:[D:\cxw\TY_RMS_BZP_Manage_zhejingjikong\home\views.py]模块名:[views:]函数名:[getWarningList]:
[第103行]-数据为空

具体时间:[2021-10-15 15:09:51,852][default:DEBUG(103)]
当前文件位置:[D:\cxw\TY_RMS_BZP_Manage_zhejingjikong\home\views.py]模块名:[views:]函数名:[getWarningList]:
[第103行]-数据为空

具体时间:[2021-10-15 15:11:31,651][default:DEBUG(103)]
当前文件位置:[D:\cxw\TY_RMS_BZP_Manage_zhejingjikong\home\views.py]模块名:[views:]函数名:[getWarningList]:
[第103行]-数据为空

具体时间:[2021-10-15 15:12:22,694][default:DEBUG(103)]
当前文件位置:[D:\cxw\TY_RMS_BZP_Manage_zhejingjikong\home\views.py]模块名:[views:]函数名:[getWarningList]:
[第103行]-数据为空

具体时间:[2021-10-15 15:12:29,110][default:DEBUG(103)]
当前文件位置:[D:\cxw\TY_RMS_BZP_Manage_zhejingjikong\home\views.py]模块名:[views:]函数名:[getWarningList]:
[第103行]-数据为空

具体时间:[2021-10-15 15:18:18,123][default:DEBUG(103)]
当前文件位置:[D:\cxw\TY_RMS_BZP_Manage_zhejingjikong\home\views.py]模块名:[views:]函数名:[getWarningList]:
[第103行]-数据为空

具体时间:[2021-10-15 15:18:20,193][default:DEBUG(103)]
当前文件位置:[D:\cxw\TY_RMS_BZP_Manage_zhejingjikong\home\views.py]模块名:[views:]函数名:[getWarningList]:
[第103行]-数据为空

具体时间:[2021-10-15 15:19:09,040][default:DEBUG(103)]
当前文件位置:[D:\cxw\TY_RMS_BZP_Manage_zhejingjikong\home\views.py]模块名:[views:]函数名:[getWarningList]:
[第103行]-数据为空

具体时间:[2021-10-15 15:19:10,576][default:DEBUG(103)]
当前文件位置:[D:\cxw\TY_RMS_BZP_Manage_zhejingjikong\home\views.py]模块名:[views:]函数名:[getWarningList]:
[第103行]-数据为空

具体时间:[2021-10-15 15:21:42,137][default:DEBUG(103)]
当前文件位置:[D:\cxw\TY_RMS_BZP_Manage_zhejingjikong\home\views.py]模块名:[views:]函数名:[getWarningList]:
[第103行]-数据为空

具体时间:[2021-10-15 15:21:44,060][default:DEBUG(103)]
当前文件位置:[D:\cxw\TY_RMS_BZP_Manage_zhejingjikong\home\views.py]模块名:[views:]函数名:[getWarningList]:
[第103行]-数据为空

具体时间:[2021-10-15 15:24:19,364][default:DEBUG(103)]
当前文件位置:[D:\cxw\TY_RMS_BZP_Manage_zhejingjikong\home\views.py]模块名:[views:]函数名:[getWarningList]:
[第103行]-数据为空

具体时间:[2021-10-15 15:24:21,350][default:DEBUG(103)]
当前文件位置:[D:\cxw\TY_RMS_BZP_Manage_zhejingjikong\home\views.py]模块名:[views:]函数名:[getWarningList]:
[第103行]-数据为空

具体时间:[2021-10-15 15:27:53,149][default:DEBUG(103)]
当前文件位置:[D:\cxw\TY_RMS_BZP_Manage_zhejingjikong\home\views.py]模块名:[views:]函数名:[getWarningList]:
[第103行]-数据为空

具体时间:[2021-10-15 15:27:53,927][default:DEBUG(103)]
当前文件位置:[D:\cxw\TY_RMS_BZP_Manage_zhejingjikong\home\views.py]模块名:[views:]函数名:[getWarningList]:
[第103行]-数据为空

具体时间:[2021-10-15 15:27:54,514][default:DEBUG(103)]
当前文件位置:[D:\cxw\TY_RMS_BZP_Manage_zhejingjikong\home\views.py]模块名:[views:]函数名:[getWarningList]:
[第103行]-数据为空

具体时间:[2021-10-15 15:30:50,434][default:DEBUG(103)]
当前文件位置:[D:\cxw\TY_RMS_BZP_Manage_zhejingjikong\home\views.py]模块名:[views:]函数名:[getWarningList]:
[第103行]-数据为空

具体时间:[2021-10-15 15:31:17,794][default:DEBUG(103)]
当前文件位置:[D:\cxw\TY_RMS_BZP_Manage_zhejingjikong\home\views.py]模块名:[views:]函数名:[getWarningList]:
[第103行]-数据为空

具体时间:[2021-10-15 15:31:19,631][default:DEBUG(103)]
当前文件位置:[D:\cxw\TY_RMS_BZP_Manage_zhejingjikong\home\views.py]模块名:[views:]函数名:[getWarningList]:
[第103行]-数据为空

具体时间:[2021-10-15 15:31:22,387][default:DEBUG(103)]
当前文件位置:[D:\cxw\TY_RMS_BZP_Manage_zhejingjikong\home\views.py]模块名:[views:]函数名:[getWarningList]:
[第103行]-数据为空

具体时间:[2021-10-15 15:33:09,094][default:DEBUG(103)]
当前文件位置:[D:\cxw\TY_RMS_BZP_Manage_zhejingjikong\home\views.py]模块名:[views:]函数名:[getWarningList]:
[第103行]-数据为空

具体时间:[2021-10-15 15:33:11,889][default:DEBUG(103)]
当前文件位置:[D:\cxw\TY_RMS_BZP_Manage_zhejingjikong\home\views.py]模块名:[views:]函数名:[getWarningList]:
[第103行]-数据为空

具体时间:[2021-10-15 15:33:13,329][default:DEBUG(103)]
当前文件位置:[D:\cxw\TY_RMS_BZP_Manage_zhejingjikong\home\views.py]模块名:[views:]函数名:[getWarningList]:
[第103行]-数据为空

具体时间:[2021-10-15 15:33:14,584][default:DEBUG(103)]
当前文件位置:[D:\cxw\TY_RMS_BZP_Manage_zhejingjikong\home\views.py]模块名:[views:]函数名:[getWarningList]:
[第103行]-数据为空

具体时间:[2021-10-15 15:38:28,706][default:DEBUG(103)]
当前文件位置:[D:\cxw\TY_RMS_BZP_Manage_zhejingjikong\home\views.py]模块名:[views:]函数名:[getWarningList]:
[第103行]-数据为空

具体时间:[2021-10-15 15:40:53,503][default:DEBUG(103)]
当前文件位置:[D:\cxw\TY_RMS_BZP_Manage_zhejingjikong\home\views.py]模块名:[views:]函数名:[getWarningList]:
[第103行]-数据为空

具体时间:[2021-10-15 15:51:44,171][default:DEBUG(103)]
当前文件位置:[D:\cxw\TY_RMS_BZP_Manage_zhejingjikong\home\views.py]模块名:[views:]函数名:[getWarningList]:
[第103行]-数据为空

具体时间:[2021-10-15 15:51:51,779][default:DEBUG(103)]
当前文件位置:[D:\cxw\TY_RMS_BZP_Manage_zhejingjikong\home\views.py]模块名:[views:]函数名:[getWarningList]:
[第103行]-数据为空

具体时间:[2021-10-15 15:52:21,643][default:DEBUG(103)]
当前文件位置:[D:\cxw\TY_RMS_BZP_Manage_zhejingjikong\home\views.py]模块名:[views:]函数名:[getWarningList]:
[第103行]-数据为空

具体时间:[2021-10-15 15:53:01,466][default:DEBUG(103)]
当前文件位置:[D:\cxw\TY_RMS_BZP_Manage_zhejingjikong\home\views.py]模块名:[views:]函数名:[getWarningList]:
[第103行]-数据为空

具体时间:[2021-10-15 15:53:54,719][default:DEBUG(103)]
当前文件位置:[D:\cxw\TY_RMS_BZP_Manage_zhejingjikong\home\views.py]模块名:[views:]函数名:[getWarningList]:
[第103行]-数据为空

具体时间:[2021-10-15 15:54:00,953][default:DEBUG(103)]
当前文件位置:[D:\cxw\TY_RMS_BZP_Manage_zhejingjikong\home\views.py]模块名:[views:]函数名:[getWarningList]:
[第103行]-数据为空

具体时间:[2021-10-15 15:54:03,735][default:DEBUG(103)]
当前文件位置:[D:\cxw\TY_RMS_BZP_Manage_zhejingjikong\home\views.py]模块名:[views:]函数名:[getWarningList]:
[第103行]-数据为空

具体时间:[2021-10-15 15:54:06,154][default:DEBUG(103)]
当前文件位置:[D:\cxw\TY_RMS_BZP_Manage_zhejingjikong\home\views.py]模块名:[views:]函数名:[getWarningList]:
[第103行]-数据为空

具体时间:[2021-10-15 15:54:34,692][default:DEBUG(103)]
当前文件位置:[D:\cxw\TY_RMS_BZP_Manage_zhejingjikong\home\views.py]模块名:[views:]函数名:[getWarningList]:
[第103行]-数据为空

具体时间:[2021-10-15 15:54:37,229][default:DEBUG(103)]
当前文件位置:[D:\cxw\TY_RMS_BZP_Manage_zhejingjikong\home\views.py]模块名:[views:]函数名:[getWarningList]:
[第103行]-数据为空

具体时间:[2021-10-15 15:54:44,299][default:DEBUG(103)]
当前文件位置:[D:\cxw\TY_RMS_BZP_Manage_zhejingjikong\home\views.py]模块名:[views:]函数名:[getWarningList]:
[第103行]-数据为空

具体时间:[2021-10-15 15:56:39,867][default:DEBUG(103)]
当前文件位置:[D:\cxw\TY_RMS_BZP_Manage_zhejingjikong\home\views.py]模块名:[views:]函数名:[getWarningList]:
[第103行]-数据为空

具体时间:[2021-10-15 15:58:13,590][default:DEBUG(103)]
当前文件位置:[D:\cxw\TY_RMS_BZP_Manage_zhejingjikong\home\views.py]模块名:[views:]函数名:[getWarningList]:
[第103行]-数据为空

具体时间:[2021-10-15 15:58:14,536][default:DEBUG(103)]
当前文件位置:[D:\cxw\TY_RMS_BZP_Manage_zhejingjikong\home\views.py]模块名:[views:]函数名:[getWarningList]:
[第103行]-数据为空

具体时间:[2021-10-15 15:58:17,586][default:DEBUG(103)]
当前文件位置:[D:\cxw\TY_RMS_BZP_Manage_zhejingjikong\home\views.py]模块名:[views:]函数名:[getWarningList]:
[第103行]-数据为空

具体时间:[2021-10-15 16:09:39,681][default:INFO(22)]
当前文件位置:[D:\cxw\TY_RMS_BZP_Manage_zhejingjikong\user\login_required.py]模块名:[login_required:]函数名:[process_request]:
[第22行]-用户没有登录, 跳转到登录页面

具体时间:[2021-10-15 16:09:41,136][default:INFO(22)]
当前文件位置:[D:\cxw\TY_RMS_BZP_Manage_zhejingjikong\user\login_required.py]模块名:[login_required:]函数名:[process_request]:
[第22行]-用户没有登录, 跳转到登录页面

具体时间:[2021-10-15 16:09:48,458][default:INFO(181)]
当前文件位置:[D:\cxw\TY_RMS_BZP_Manage_zhejingjikong\TY_RMS_Multiple_Manage\views.py]模块名:[views:]函数名:[account_login]:
[第181行]-登录成功

具体时间:[2021-10-15 16:18:05,384][default:INFO(22)]
当前文件位置:[D:\cxw\TY_RMS_BZP_Manage_zhejingjikong\user\login_required.py]模块名:[login_required:]函数名:[process_request]:
[第22行]-用户没有登录, 跳转到登录页面

具体时间:[2021-10-15 16:18:05,655][default:INFO(22)]
当前文件位置:[D:\cxw\TY_RMS_BZP_Manage_zhejingjikong\user\login_required.py]模块名:[login_required:]函数名:[process_request]:
[第22行]-用户没有登录, 跳转到登录页面

具体时间:[2021-10-15 16:18:07,507][default:INFO(181)]
当前文件位置:[D:\cxw\TY_RMS_BZP_Manage_zhejingjikong\TY_RMS_Multiple_Manage\views.py]模块名:[views:]函数名:[account_login]:
[第181行]-登录成功

